<?xml version="1.0" encoding="UTF-8"?>
<testsuite name="org.launchcode.scorekeeperapp.ScorekeeperAppApplicationTests" tests="1" skipped="0" failures="0" errors="0" timestamp="2023-07-11T22:00:37" hostname="JOLT-LT-0034.local" time="0.149">
  <properties/>
  <testcase name="contextLoads()" classname="org.launchcode.scorekeeperapp.ScorekeeperAppApplicationTests" time="0.149"/>
  <system-out><![CDATA[17:00:36.580 [Test worker] DEBUG org.springframework.test.context.BootstrapUtils - Instantiating CacheAwareContextLoaderDelegate from class [org.springframework.test.context.cache.DefaultCacheAwareContextLoaderDelegate]
17:00:36.585 [Test worker] DEBUG org.springframework.test.context.BootstrapUtils - Instantiating BootstrapContext using constructor [public org.springframework.test.context.support.DefaultBootstrapContext(java.lang.Class,org.springframework.test.context.CacheAwareContextLoaderDelegate)]
17:00:36.599 [Test worker] DEBUG org.springframework.test.context.BootstrapUtils - Instantiating TestContextBootstrapper for test class [org.launchcode.scorekeeperapp.ScorekeeperAppApplicationTests] from class [org.springframework.boot.test.context.SpringBootTestContextBootstrapper]
17:00:36.604 [Test worker] INFO org.springframework.boot.test.context.SpringBootTestContextBootstrapper - Neither @ContextConfiguration nor @ContextHierarchy found for test class [org.launchcode.scorekeeperapp.ScorekeeperAppApplicationTests], using SpringBootContextLoader
17:00:36.605 [Test worker] DEBUG org.springframework.test.context.support.AbstractContextLoader - Did not detect default resource location for test class [org.launchcode.scorekeeperapp.ScorekeeperAppApplicationTests]: class path resource [org/launchcode/scorekeeperapp/ScorekeeperAppApplicationTests-context.xml] does not exist
17:00:36.606 [Test worker] DEBUG org.springframework.test.context.support.AbstractContextLoader - Did not detect default resource location for test class [org.launchcode.scorekeeperapp.ScorekeeperAppApplicationTests]: class path resource [org/launchcode/scorekeeperapp/ScorekeeperAppApplicationTestsContext.groovy] does not exist
17:00:36.606 [Test worker] INFO org.springframework.test.context.support.AbstractContextLoader - Could not detect default resource locations for test class [org.launchcode.scorekeeperapp.ScorekeeperAppApplicationTests]: no resource found for suffixes {-context.xml, Context.groovy}.
17:00:36.606 [Test worker] INFO org.springframework.test.context.support.AnnotationConfigContextLoaderUtils - Could not detect default configuration classes for test class [org.launchcode.scorekeeperapp.ScorekeeperAppApplicationTests]: ScorekeeperAppApplicationTests does not declare any static, non-private, non-final, nested classes annotated with @Configuration.
17:00:36.623 [Test worker] DEBUG org.springframework.test.context.support.ActiveProfilesUtils - Could not find an 'annotation declaring class' for annotation type [org.springframework.test.context.ActiveProfiles] and class [org.launchcode.scorekeeperapp.ScorekeeperAppApplicationTests]
17:00:36.645 [Test worker] DEBUG org.springframework.context.annotation.ClassPathScanningCandidateComponentProvider - Identified candidate component class: file [/Users/calebcook/IdeaProjects/scorekeeper-app/build/classes/java/main/org/launchcode/scorekeeperapp/ScorekeeperAppApplication.class]
17:00:36.646 [Test worker] INFO org.springframework.boot.test.context.SpringBootTestContextBootstrapper - Found @SpringBootConfiguration org.launchcode.scorekeeperapp.ScorekeeperAppApplication for test class org.launchcode.scorekeeperapp.ScorekeeperAppApplicationTests
17:00:36.686 [Test worker] DEBUG org.springframework.boot.test.context.SpringBootTestContextBootstrapper - @TestExecutionListeners is not present for class [org.launchcode.scorekeeperapp.ScorekeeperAppApplicationTests]: using defaults.
17:00:36.687 [Test worker] INFO org.springframework.boot.test.context.SpringBootTestContextBootstrapper - Loaded default TestExecutionListener class names from location [META-INF/spring.factories]: [org.springframework.boot.test.autoconfigure.restdocs.RestDocsTestExecutionListener, org.springframework.boot.test.autoconfigure.web.client.MockRestServiceServerResetTestExecutionListener, org.springframework.boot.test.autoconfigure.web.servlet.MockMvcPrintOnlyOnFailureTestExecutionListener, org.springframework.boot.test.autoconfigure.web.servlet.WebDriverTestExecutionListener, org.springframework.boot.test.autoconfigure.webservices.client.MockWebServiceServerTestExecutionListener, org.springframework.boot.test.mock.mockito.MockitoTestExecutionListener, org.springframework.boot.test.mock.mockito.ResetMocksTestExecutionListener, org.springframework.test.context.web.ServletTestExecutionListener, org.springframework.test.context.support.DirtiesContextBeforeModesTestExecutionListener, org.springframework.test.context.event.ApplicationEventsTestExecutionListener, org.springframework.test.context.support.DependencyInjectionTestExecutionListener, org.springframework.test.context.support.DirtiesContextTestExecutionListener, org.springframework.test.context.transaction.TransactionalTestExecutionListener, org.springframework.test.context.jdbc.SqlScriptsTestExecutionListener, org.springframework.test.context.event.EventPublishingTestExecutionListener]
17:00:36.694 [Test worker] INFO org.springframework.boot.test.context.SpringBootTestContextBootstrapper - Using TestExecutionListeners: [org.springframework.test.context.web.ServletTestExecutionListener@3dddbe65, org.springframework.test.context.support.DirtiesContextBeforeModesTestExecutionListener@49a64d82, org.springframework.test.context.event.ApplicationEventsTestExecutionListener@344561e0, org.springframework.boot.test.mock.mockito.MockitoTestExecutionListener@66d23e4a, org.springframework.boot.test.autoconfigure.SpringBootDependencyInjectionTestExecutionListener@36ac8a63, org.springframework.test.context.support.DirtiesContextTestExecutionListener@4d9d1b69, org.springframework.test.context.transaction.TransactionalTestExecutionListener@52c8295b, org.springframework.test.context.jdbc.SqlScriptsTestExecutionListener@251f7d26, org.springframework.test.context.event.EventPublishingTestExecutionListener@77b21474, org.springframework.boot.test.autoconfigure.restdocs.RestDocsTestExecutionListener@52d10fb8, org.springframework.boot.test.autoconfigure.web.client.MockRestServiceServerResetTestExecutionListener@41c07648, org.springframework.boot.test.autoconfigure.web.servlet.MockMvcPrintOnlyOnFailureTestExecutionListener@1fe8d51b, org.springframework.boot.test.autoconfigure.web.servlet.WebDriverTestExecutionListener@781e7326, org.springframework.boot.test.autoconfigure.webservices.client.MockWebServiceServerTestExecutionListener@22680f52, org.springframework.boot.test.mock.mockito.ResetMocksTestExecutionListener@60d84f61]
17:00:36.695 [Test worker] DEBUG org.springframework.test.context.support.AbstractDirtiesContextTestExecutionListener - Before test class: context [DefaultTestContext@1804f60d testClass = ScorekeeperAppApplicationTests, testInstance = [null], testMethod = [null], testException = [null], mergedContextConfiguration = [WebMergedContextConfiguration@3a80515c testClass = ScorekeeperAppApplicationTests, locations = '{}', classes = '{class org.launchcode.scorekeeperapp.ScorekeeperAppApplication}', contextInitializerClasses = '[]', activeProfiles = '{}', propertySourceLocations = '{}', propertySourceProperties = '{org.springframework.boot.test.context.SpringBootTestContextBootstrapper=true}', contextCustomizers = set[org.springframework.boot.test.autoconfigure.actuate.metrics.MetricsExportContextCustomizerFactory$DisableMetricExportContextCustomizer@488eb7f2, org.springframework.boot.test.autoconfigure.properties.PropertyMappingContextCustomizer@0, org.springframework.boot.test.autoconfigure.web.servlet.WebDriverContextCustomizerFactory$Customizer@21baa903, org.springframework.boot.test.context.filter.ExcludeFilterContextCustomizer@40cb698e, org.springframework.boot.test.json.DuplicateJsonObjectContextCustomizerFactory$DuplicateJsonObjectContextCustomizer@4a891c97, org.springframework.boot.test.mock.mockito.MockitoContextCustomizer@0, org.springframework.boot.test.web.client.TestRestTemplateContextCustomizer@2cae1042, org.springframework.boot.test.context.SpringBootTestArgs@1, org.springframework.boot.test.context.SpringBootTestWebEnvironment@1f760b47], resourceBasePath = 'src/main/webapp', contextLoader = 'org.springframework.boot.test.context.SpringBootContextLoader', parent = [null]], attributes = map['org.springframework.test.context.web.ServletTestExecutionListener.activateListener' -> true]], class annotated with @DirtiesContext [false] with mode [null].

  .   ____          _            __ _ _
 /\\ / ___'_ __ _ _(_)_ __  __ _ \ \ \ \
( ( )\___ | '_ | '_| | '_ \/ _` | \ \ \ \
 \\/  ___)| |_)| | | | | || (_| |  ) ) ) )
  '  |____| .__|_| |_|_| |_\__, | / / / /
 =========|_|==============|___/=/_/_/_/
 :: Spring Boot ::               (v2.7.13)

2023-07-11 17:00:37.029  INFO 98780 --- [    Test worker] o.l.s.ScorekeeperAppApplicationTests     : Starting ScorekeeperAppApplicationTests using Java 11.0.18 on JOLT-LT-0034.local with PID 98780 (started by calebcook in /Users/calebcook/IdeaProjects/scorekeeper-app)
2023-07-11 17:00:37.030  INFO 98780 --- [    Test worker] o.l.s.ScorekeeperAppApplicationTests     : No active profile set, falling back to 1 default profile: "default"
2023-07-11 17:00:37.695  WARN 98780 --- [    Test worker] ion$DefaultTemplateResolverConfiguration : Cannot find template location: classpath:/templates/ (please add some templates, check your Thymeleaf configuration, or set spring.thymeleaf.check-template-location=false)
2023-07-11 17:00:37.754  INFO 98780 --- [    Test worker] o.l.s.ScorekeeperAppApplicationTests     : Started ScorekeeperAppApplicationTests in 1.043 seconds (JVM running for 1.57)
]]></system-out>
  <system-err><![CDATA[]]></system-err>
</testsuite>
